Started GET "/" for 127.0.0.1 at 2018-05-31 16:06:17 -0300
Processing by Rails::WelcomeController#index as HTML
  Rendering /home/matheus/.rvm/gems/ruby-2.5.1/gems/railties-5.2.0/lib/rails/templates/rails/welcome/index.html.erb
  Rendered /home/matheus/.rvm/gems/ruby-2.5.1/gems/railties-5.2.0/lib/rails/templates/rails/welcome/index.html.erb (5.3ms)
Completed 200 OK in 23ms (Views: 15.8ms | ActiveRecord: 0.0ms)


Started GET "/" for 127.0.0.1 at 2018-05-31 16:06:35 -0300
Processing by Rails::WelcomeController#index as HTML
  Rendering /home/matheus/.rvm/gems/ruby-2.5.1/gems/railties-5.2.0/lib/rails/templates/rails/welcome/index.html.erb
  Rendered /home/matheus/.rvm/gems/ruby-2.5.1/gems/railties-5.2.0/lib/rails/templates/rails/welcome/index.html.erb (2.3ms)
Completed 200 OK in 6ms (Views: 4.8ms | ActiveRecord: 0.0ms)


Started GET "/" for 127.0.0.1 at 2018-05-31 16:07:25 -0300
Processing by Rails::WelcomeController#index as HTML
  Rendering /home/matheus/.rvm/gems/ruby-2.5.1/gems/railties-5.2.0/lib/rails/templates/rails/welcome/index.html.erb
  Rendered /home/matheus/.rvm/gems/ruby-2.5.1/gems/railties-5.2.0/lib/rails/templates/rails/welcome/index.html.erb (2.1ms)
Completed 200 OK in 5ms (Views: 3.3ms | ActiveRecord: 0.0ms)


Started GET "/" for 127.0.0.1 at 2018-05-31 16:10:34 -0300
Processing by Rails::WelcomeController#index as HTML
  Rendering /home/matheus/.rvm/gems/ruby-2.5.1/gems/railties-5.2.0/lib/rails/templates/rails/welcome/index.html.erb
  Rendered /home/matheus/.rvm/gems/ruby-2.5.1/gems/railties-5.2.0/lib/rails/templates/rails/welcome/index.html.erb (2.3ms)
Completed 200 OK in 5ms (Views: 3.5ms | ActiveRecord: 0.0ms)


